#-----------------------------------------------------------
# Vivado v2024.2 (64-bit)
# SW Build 5239630 on Fri Nov 08 22:35:27 MST 2024
# IP Build 5239520 on Sun Nov 10 16:12:51 MST 2024
# SharedData Build 5239561 on Fri Nov 08 14:39:27 MST 2024
# Start of session at: Mon Apr 28 09:56:35 2025
# Process ID         : 3276
# Current directory  : C:/Projects/MIPS-pipelined-cpu
# Command line       : vivado.exe -gui_launcher_event rodinguilauncherevent9000 C:\Projects\MIPS-pipelined-cpu\Assignment_7.xpr
# Log file           : C:/Projects/MIPS-pipelined-cpu/vivado.log
# Journal file       : C:/Projects/MIPS-pipelined-cpu\vivado.jou
# Running On         : NEELMEWADA2222
# Platform           : Windows Server 2016 or Windows 10
# Operating System   : 26100
# Processor Detail   : Apple Silicon
# CPU Frequency      : 3200 MHz
# CPU Physical cores : 6
# CPU Logical cores  : 6
# Host memory        : 10731 MB
# Swap memory        : 671 MB
# Total Virtual      : 11402 MB
# Available Virtual  : 7780 MB
#-----------------------------------------------------------
start_gui
open_project C:/Projects/MIPS-pipelined-cpu/Assignment_7.xpr
INFO: [Project 1-313] Project file moved from 'D:/MS CMPE/Comp. Architecture/MIPS-pipelined-cpu' since last save.
INFO: [filemgmt 56-3] Default IP Output Path : Could not find the directory 'C:/Projects/MIPS-pipelined-cpu/Assignment_7.gen/sources_1'.
Scanning sources...
Finished scanning sources
INFO: [IP_Flow 19-234] Refreshing IP repositories
INFO: [IP_Flow 19-1704] No user IP repositories specified
INFO: [IP_Flow 19-2313] Loaded Vivado IP repository 'C:/Xilinx/Vivado/2024.2/data/ip'.
open_project: Time (s): cpu = 00:00:10 ; elapsed = 00:00:08 . Memory (MB): peak = 1138.062 ; gain = 8.152
launch_simulation -simset [get_filesets sim_datapath ]
Command: launch_simulation  -simset sim_datapath
INFO: [Vivado 12-12493] Simulation top is 'tb_datapath'
WARNING: [Vivado 12-13340] Unable to auto find GCC executables from simulator install path! (path not set)
INFO: [Vivado 12-5682] Launching behavioral simulation in 'C:/Projects/MIPS-pipelined-cpu/Assignment_7.sim/sim_datapath/behav/xsim'
INFO: [SIM-utils-51] Simulation object is 'sim_datapath'
INFO: [SIM-utils-72] Using boost library from 'C:/Xilinx/Vivado/2024.2/tps/boost_1_72_0'
INFO: [SIM-utils-54] Inspecting design source files for 'tb_datapath' in fileset 'sim_datapath'...
INFO: [SIM-utils-43] Exported 'C:/Projects/MIPS-pipelined-cpu/Assignment_7.sim/sim_datapath/behav/xsim/memfile_test.mem'
INFO: [USF-XSim-97] Finding global include files...
INFO: [USF-XSim-100] Fetching design files from 'sources_1'...(this may take a while)...
INFO: [USF-XSim-101] Fetching design files from 'sim_datapath'...
INFO: [USF-XSim-2] XSim::Compile design
INFO: [USF-XSim-61] Executing 'COMPILE and ANALYZE' step in 'C:/Projects/MIPS-pipelined-cpu/Assignment_7.sim/sim_datapath/behav/xsim'
"xvlog --incr --relax -prj tb_datapath_vlog.prj"
INFO: [VRFC 10-2263] Analyzing Verilog file "C:/Projects/MIPS-pipelined-cpu/Assignment_7.srcs/sources_1/imports/single_cycle_mips_source_initial/datapath/adder.v" into library xil_defaultlib
INFO: [VRFC 10-311] analyzing module adder
INFO: [VRFC 10-2263] Analyzing Verilog file "C:/Projects/MIPS-pipelined-cpu/Assignment_7.srcs/sources_1/imports/single_cycle_mips_source_initial/datapath/alu.v" into library xil_defaultlib
INFO: [VRFC 10-311] analyzing module alu
INFO: [VRFC 10-2263] Analyzing Verilog file "C:/Projects/MIPS-pipelined-cpu/Assignment_7.srcs/sources_1/imports/single_cycle_mips_source_initial/control_unit/auxdec.v" into library xil_defaultlib
INFO: [VRFC 10-311] analyzing module auxdec
INFO: [VRFC 10-2263] Analyzing Verilog file "C:/Projects/MIPS-pipelined-cpu/Assignment_7.srcs/sources_1/imports/single_cycle_mips_source_initial/control_unit/controlunit.v" into library xil_defaultlib
INFO: [VRFC 10-311] analyzing module controlunit
INFO: [VRFC 10-2263] Analyzing Verilog file "C:/Projects/MIPS-pipelined-cpu/Assignment_7.srcs/sources_1/imports/single_cycle_mips_source_initial/datapath/datapath.v" into library xil_defaultlib
INFO: [VRFC 10-311] analyzing module datapath
INFO: [VRFC 10-2263] Analyzing Verilog file "C:/Projects/MIPS-pipelined-cpu/Assignment_7.srcs/sources_1/imports/single_cycle_mips_source_initial/datapath/dreg.v" into library xil_defaultlib
INFO: [VRFC 10-311] analyzing module dreg
INFO: [VRFC 10-2263] Analyzing Verilog file "C:/Projects/MIPS-pipelined-cpu/Assignment_7.srcs/sources_1/new/ex_mem_reg.v" into library xil_defaultlib
INFO: [VRFC 10-311] analyzing module ex_mem_reg
INFO: [VRFC 10-2263] Analyzing Verilog file "C:/Projects/MIPS-pipelined-cpu/Assignment_7.srcs/sources_1/new/hi_lo_regs.v" into library xil_defaultlib
INFO: [VRFC 10-311] analyzing module hi_lo_regs
INFO: [VRFC 10-2263] Analyzing Verilog file "C:/Projects/MIPS-pipelined-cpu/Assignment_7.srcs/sources_1/new/id_ex_reg.v" into library xil_defaultlib
INFO: [VRFC 10-311] analyzing module id_ex_reg
INFO: [VRFC 10-2263] Analyzing Verilog file "C:/Projects/MIPS-pipelined-cpu/Assignment_7.srcs/sources_1/new/if_id_reg.v" into library xil_defaultlib
INFO: [VRFC 10-311] analyzing module if_id_reg
INFO: [VRFC 10-2263] Analyzing Verilog file "C:/Projects/MIPS-pipelined-cpu/Assignment_7.srcs/sources_1/imports/single_cycle_mips_source_initial/control_unit/maindec.v" into library xil_defaultlib
INFO: [VRFC 10-311] analyzing module maindec
INFO: [VRFC 10-2263] Analyzing Verilog file "C:/Projects/MIPS-pipelined-cpu/Assignment_7.srcs/sources_1/new/mem_wb_reg.v" into library xil_defaultlib
INFO: [VRFC 10-311] analyzing module mem_wb_reg
INFO: [VRFC 10-2263] Analyzing Verilog file "C:/Projects/MIPS-pipelined-cpu/Assignment_7.srcs/sources_1/new/multu.v" into library xil_defaultlib
INFO: [VRFC 10-311] analyzing module multu
INFO: [VRFC 10-2263] Analyzing Verilog file "C:/Projects/MIPS-pipelined-cpu/Assignment_7.srcs/sources_1/imports/single_cycle_mips_source_initial/datapath/mux2.v" into library xil_defaultlib
INFO: [VRFC 10-311] analyzing module mux2
INFO: [VRFC 10-2263] Analyzing Verilog file "C:/Projects/MIPS-pipelined-cpu/Assignment_7.srcs/sources_1/new/mux3.v" into library xil_defaultlib
INFO: [VRFC 10-311] analyzing module mux3
INFO: [VRFC 10-2263] Analyzing Verilog file "C:/Projects/MIPS-pipelined-cpu/Assignment_7.srcs/sources_1/imports/single_cycle_mips_source_initial/datapath/regfile.v" into library xil_defaultlib
INFO: [VRFC 10-311] analyzing module regfile
INFO: [VRFC 10-2263] Analyzing Verilog file "C:/Projects/MIPS-pipelined-cpu/Assignment_7.srcs/sources_1/imports/single_cycle_mips_source_initial/datapath/signext.v" into library xil_defaultlib
INFO: [VRFC 10-311] analyzing module signext
INFO: [VRFC 10-2263] Analyzing Verilog file "C:/Projects/MIPS-pipelined-cpu/Assignment_7.srcs/sources_1/imports/single_cycle_mips_source_initial/mips/mips.v" into library xil_defaultlib
INFO: [VRFC 10-311] analyzing module mips
INFO: [VRFC 10-2263] Analyzing Verilog file "C:/Projects/MIPS-pipelined-cpu/Assignment_7.srcs/sources_1/new/factorial_accelerator.v" into library xil_defaultlib
INFO: [VRFC 10-311] analyzing module CNT
INFO: [VRFC 10-311] analyzing module REG
INFO: [VRFC 10-311] analyzing module CMP
INFO: [VRFC 10-311] analyzing module MUL
INFO: [VRFC 10-311] analyzing module MUX2
INFO: [VRFC 10-311] analyzing module fac_datapath
INFO: [VRFC 10-311] analyzing module fac_controlunit
INFO: [VRFC 10-311] analyzing module factorial_accelerator
INFO: [VRFC 10-2263] Analyzing Verilog file "C:/Projects/MIPS-pipelined-cpu/Assignment_7.srcs/sources_1/imports/single_cycle_mips_source_initial/memory/dmem.v" into library xil_defaultlib
INFO: [VRFC 10-311] analyzing module dmem
INFO: [VRFC 10-2263] Analyzing Verilog file "C:/Projects/MIPS-pipelined-cpu/Assignment_7.srcs/sources_1/imports/single_cycle_mips_source_initial/memory/imem.v" into library xil_defaultlib
INFO: [VRFC 10-311] analyzing module imem
INFO: [VRFC 10-2263] Analyzing Verilog file "C:/Projects/MIPS-pipelined-cpu/Assignment_7.srcs/sources_1/new/address_decoder.v" into library xil_defaultlib
INFO: [VRFC 10-311] analyzing module address_decoder
INFO: [VRFC 10-2263] Analyzing Verilog file "C:/Projects/MIPS-pipelined-cpu/Assignment_7.srcs/sources_1/new/factorial_wrapper.v" into library xil_defaultlib
INFO: [VRFC 10-311] analyzing module fact_ad
INFO: [VRFC 10-311] analyzing module fact_reg
INFO: [VRFC 10-311] analyzing module fact_result_reg
INFO: [VRFC 10-311] analyzing module fw_mux4
INFO: [VRFC 10-311] analyzing module factorial_wrapper
INFO: [VRFC 10-2263] Analyzing Verilog file "C:/Projects/MIPS-pipelined-cpu/Assignment_7.srcs/sources_1/new/hazard_unit.v" into library xil_defaultlib
INFO: [VRFC 10-311] analyzing module hazard_unit
INFO: [VRFC 10-2263] Analyzing Verilog file "C:/Projects/MIPS-pipelined-cpu/Assignment_7.srcs/sim_datapath/new/tb_datapath.v" into library xil_defaultlib
INFO: [VRFC 10-311] analyzing module tb_datapath
INFO: [VRFC 10-2263] Analyzing Verilog file "C:/Projects/MIPS-pipelined-cpu/Assignment_7.sim/sim_datapath/behav/xsim/glbl.v" into library xil_defaultlib
INFO: [VRFC 10-311] analyzing module glbl
INFO: [USF-XSim-69] 'compile' step finished in '3' seconds
INFO: [USF-XSim-3] XSim::Elaborate design
INFO: [USF-XSim-61] Executing 'ELABORATE' step in 'C:/Projects/MIPS-pipelined-cpu/Assignment_7.sim/sim_datapath/behav/xsim'
"xelab --incr --debug typical --relax --mt 2 -L xil_defaultlib -L unisims_ver -L unimacro_ver -L secureip --snapshot tb_datapath_behav xil_defaultlib.tb_datapath xil_defaultlib.glbl -log elaborate.log"
Vivado Simulator v2024.2.0
Copyright 1986-2022 Xilinx, Inc. All Rights Reserved.
Copyright 2022-2024 Advanced Micro Devices, Inc. All Rights Reserved.
Running: C:/Xilinx/Vivado/2024.2/bin/unwrapped/win64.o/xelab.exe --incr --debug typical --relax --mt 2 -L xil_defaultlib -L unisims_ver -L unimacro_ver -L secureip --snapshot tb_datapath_behav xil_defaultlib.tb_datapath xil_defaultlib.glbl -log elaborate.log 
Using 2 slave threads.
Starting static elaboration
Pass Through NonSizing Optimizer
WARNING: [VRFC 10-5021] port 'is_nop' is not connected on this instance [C:/Projects/MIPS-pipelined-cpu/Assignment_7.srcs/sources_1/imports/single_cycle_mips_source_initial/control_unit/controlunit.v:20]
Completed static elaboration
Starting simulation data flow analysis
WARNING: [XSIM 43-4099] "C:/Projects/MIPS-pipelined-cpu/Assignment_7.srcs/sources_1/imports/single_cycle_mips_source_initial/datapath/datapath.v" Line 1. Module datapath doesn't have a timescale but at least one module in design has a timescale.
WARNING: [XSIM 43-4099] "C:/Projects/MIPS-pipelined-cpu/Assignment_7.srcs/sources_1/imports/single_cycle_mips_source_initial/datapath/dreg.v" Line 1. Module dreg doesn't have a timescale but at least one module in design has a timescale.
WARNING: [XSIM 43-4099] "C:/Projects/MIPS-pipelined-cpu/Assignment_7.srcs/sources_1/imports/single_cycle_mips_source_initial/datapath/adder.v" Line 1. Module adder doesn't have a timescale but at least one module in design has a timescale.
WARNING: [XSIM 43-4099] "C:/Projects/MIPS-pipelined-cpu/Assignment_7.srcs/sources_1/imports/single_cycle_mips_source_initial/control_unit/controlunit.v" Line 1. Module controlunit doesn't have a timescale but at least one module in design has a timescale.
WARNING: [XSIM 43-4099] "C:/Projects/MIPS-pipelined-cpu/Assignment_7.srcs/sources_1/imports/single_cycle_mips_source_initial/control_unit/auxdec.v" Line 1. Module auxdec doesn't have a timescale but at least one module in design has a timescale.
WARNING: [XSIM 43-4099] "C:/Projects/MIPS-pipelined-cpu/Assignment_7.srcs/sources_1/imports/single_cycle_mips_source_initial/datapath/alu.v" Line 1. Module alu doesn't have a timescale but at least one module in design has a timescale.
WARNING: [XSIM 43-4099] "C:/Projects/MIPS-pipelined-cpu/Assignment_7.srcs/sources_1/imports/single_cycle_mips_source_initial/datapath/adder.v" Line 1. Module adder doesn't have a timescale but at least one module in design has a timescale.
WARNING: [XSIM 43-4099] "C:/Projects/MIPS-pipelined-cpu/Assignment_7.srcs/sources_1/imports/single_cycle_mips_source_initial/datapath/datapath.v" Line 1. Module datapath doesn't have a timescale but at least one module in design has a timescale.
WARNING: [XSIM 43-4099] "C:/Projects/MIPS-pipelined-cpu/Assignment_7.srcs/sources_1/imports/single_cycle_mips_source_initial/datapath/dreg.v" Line 1. Module dreg doesn't have a timescale but at least one module in design has a timescale.
WARNING: [XSIM 43-4099] "C:/Projects/MIPS-pipelined-cpu/Assignment_7.srcs/sources_1/imports/single_cycle_mips_source_initial/datapath/adder.v" Line 1. Module adder doesn't have a timescale but at least one module in design has a timescale.
WARNING: [XSIM 43-4099] "C:/Projects/MIPS-pipelined-cpu/Assignment_7.srcs/sources_1/imports/single_cycle_mips_source_initial/control_unit/controlunit.v" Line 1. Module controlunit doesn't have a timescale but at least one module in design has a timescale.
WARNING: [XSIM 43-4099] "C:/Projects/MIPS-pipelined-cpu/Assignment_7.srcs/sources_1/imports/single_cycle_mips_source_initial/control_unit/auxdec.v" Line 1. Module auxdec doesn't have a timescale but at least one module in design has a timescale.
WARNING: [XSIM 43-4099] "C:/Projects/MIPS-pipelined-cpu/Assignment_7.srcs/sources_1/imports/single_cycle_mips_source_initial/datapath/alu.v" Line 1. Module alu doesn't have a timescale but at least one module in design has a timescale.
WARNING: [XSIM 43-4099] "C:/Projects/MIPS-pipelined-cpu/Assignment_7.srcs/sources_1/imports/single_cycle_mips_source_initial/datapath/adder.v" Line 1. Module adder doesn't have a timescale but at least one module in design has a timescale.
Completed simulation data flow analysis
Time Resolution for simulation is 1ps
Compiling module xil_defaultlib.hazard_unit
Compiling module xil_defaultlib.mux2(WIDTH=32)
Compiling module xil_defaultlib.dreg
Compiling module xil_defaultlib.adder
Compiling module xil_defaultlib.if_id_reg
Compiling module xil_defaultlib.maindec
Compiling module xil_defaultlib.auxdec
Compiling module xil_defaultlib.controlunit
Compiling module xil_defaultlib.regfile
Compiling module xil_defaultlib.signext
Compiling module xil_defaultlib.id_ex_reg
Compiling module xil_defaultlib.mux3(WIDTH=32)
Compiling module xil_defaultlib.alu
Compiling module xil_defaultlib.mux3(WIDTH=5)
Compiling module xil_defaultlib.multu
Compiling module xil_defaultlib.hi_lo_regs
Compiling module xil_defaultlib.ex_mem_reg
Compiling module xil_defaultlib.mem_wb_reg
Compiling module xil_defaultlib.datapath
Compiling module xil_defaultlib.imem
Compiling module xil_defaultlib.dmem
Compiling module xil_defaultlib.tb_datapath
Compiling module xil_defaultlib.glbl
Built simulation snapshot tb_datapath_behav
INFO: [USF-XSim-69] 'elaborate' step finished in '5' seconds
INFO: [USF-XSim-4] XSim::Simulate design
INFO: [USF-XSim-61] Executing 'SIMULATE' step in 'C:/Projects/MIPS-pipelined-cpu/Assignment_7.sim/sim_datapath/behav/xsim'
INFO: [USF-XSim-98] *** Running xsim
   with args "tb_datapath_behav -key {Behavioral:sim_datapath:Functional:tb_datapath} -tclbatch {tb_datapath.tcl} -log {simulate.log}"
INFO: [USF-XSim-8] Loading simulator feature
Time resolution is 1 ps
source tb_datapath.tcl
# set curr_wave [current_wave_config]
# if { [string length $curr_wave] == 0 } {
#   if { [llength [get_objects]] > 0} {
#     add_wave /
#     set_property needs_save false [current_wave_config]
#   } else {
#      send_msg_id Add_Wave-1 WARNING "No top level signals found. Simulator will start without a wave window. If you want to open a wave window go to 'File->New Waveform Configuration' or type 'create_wave_config' in the TCL console."
#   }
# }
# run 1000ns
Inside else
multu = 0
Writing 0x00000000 to register  0
Writing 0x00000000 to register  0
Writing 0x00000000 to register  0
Writing 0x00000000 to register  0
Writing 0x00000000 to register  0
Inside else
multu = 0
Writing 0x00000000 to register  0
Inside else
multu = 0
Writing 0x00000005 to register  4
Writing 0x0000000a to register  4
Writing 0x00000010 to register  4
Inside else
multu = 0
Inside else
multu = 0
Writing 0x0000000a to register  5
Inside else
multu = 0
Writing 0x00000000 to register  0
Writing 0x00000005 to register  5
Writing 0x00000000 to register  0
Writing 0x00000000 to register  0
$finish called at time : 150 ns : File "C:/Projects/MIPS-pipelined-cpu/Assignment_7.srcs/sim_datapath/new/tb_datapath.v" Line 129
xsim: Time (s): cpu = 00:00:07 ; elapsed = 00:00:07 . Memory (MB): peak = 1233.965 ; gain = 40.191
INFO: [USF-XSim-96] XSim completed. Design snapshot 'tb_datapath_behav' loaded.
INFO: [USF-XSim-97] XSim simulation ran for 1000ns
launch_simulation: Time (s): cpu = 00:00:10 ; elapsed = 00:00:19 . Memory (MB): peak = 1233.965 ; gain = 40.191
close_sim
INFO: [Simtcl 6-16] Simulation closed
close [ open C:/Projects/MIPS-pipelined-cpu/Assignment_7.srcs/sources_1/new/cmp.v w ]
add_files C:/Projects/MIPS-pipelined-cpu/Assignment_7.srcs/sources_1/new/cmp.v
WARNING: [filemgmt 56-199] Attempt to get parsing info during refresh. "On-the-fly" syntax checking information may be incorrect. [C:\Projects\MIPS-pipelined-cpu\Assignment_7.srcs\sim_datapath\new\tb_datapath.v:]
WARNING: [filemgmt 56-199] Attempt to get parsing info during refresh. "On-the-fly" syntax checking information may be incorrect. [C:\Projects\MIPS-pipelined-cpu\Assignment_7.srcs\sources_1\imports\single_cycle_mips_source_initial\datapath\datapath.v:]
WARNING: [filemgmt 56-199] Attempt to get parsing info during refresh. "On-the-fly" syntax checking information may be incorrect. [C:\Projects\MIPS-pipelined-cpu\Assignment_7.srcs\sim_datapath\new\tb_datapath.v:]
WARNING: [filemgmt 56-199] Attempt to get parsing info during refresh. "On-the-fly" syntax checking information may be incorrect. [C:\Projects\MIPS-pipelined-cpu\Assignment_7.srcs\sim_datapath\new\tb_datapath.v:]
ERROR: [Common 17-180] Spawn failed: No error
WARNING: [filemgmt 56-199] Attempt to get parsing info during refresh. "On-the-fly" syntax checking information may be incorrect. [C:\Projects\MIPS-pipelined-cpu\Assignment_7.srcs\sim_datapath\new\tb_datapath.v:]
WARNING: [filemgmt 56-199] Attempt to get parsing info during refresh. "On-the-fly" syntax checking information may be incorrect. [C:\Projects\MIPS-pipelined-cpu\Assignment_7.srcs\sources_1\imports\single_cycle_mips_source_initial\datapath\datapath.v:]
WARNING: [filemgmt 56-199] Attempt to get parsing info during refresh. "On-the-fly" syntax checking information may be incorrect. [C:\Projects\MIPS-pipelined-cpu\Assignment_7.srcs\sim_datapath\new\tb_datapath.v:]
WARNING: [filemgmt 56-199] Attempt to get parsing info during refresh. "On-the-fly" syntax checking information may be incorrect. [C:\Projects\MIPS-pipelined-cpu\Assignment_7.srcs\sim_datapath\new\tb_datapath.v:]
ERROR: [Common 17-180] Spawn failed: No error
WARNING: [filemgmt 56-199] Attempt to get parsing info during refresh. "On-the-fly" syntax checking information may be incorrect. [C:\Projects\MIPS-pipelined-cpu\Assignment_7.srcs\sim_datapath\new\tb_datapath.v:]
WARNING: [filemgmt 56-199] Attempt to get parsing info during refresh. "On-the-fly" syntax checking information may be incorrect. [C:\Projects\MIPS-pipelined-cpu\Assignment_7.srcs\sources_1\new\cmp.v:]
WARNING: [filemgmt 56-199] Attempt to get parsing info during refresh. "On-the-fly" syntax checking information may be incorrect. [C:\Projects\MIPS-pipelined-cpu\Assignment_7.srcs\sources_1\new\mux3.v:]
WARNING: [filemgmt 56-199] Attempt to get parsing info during refresh. "On-the-fly" syntax checking information may be incorrect. [C:\Projects\MIPS-pipelined-cpu\Assignment_7.srcs\sources_1\imports\single_cycle_mips_source_initial\datapath\datapath.v:]
WARNING: [filemgmt 56-199] Attempt to get parsing info during refresh. "On-the-fly" syntax checking information may be incorrect. [C:\Projects\MIPS-pipelined-cpu\Assignment_7.srcs\sim_datapath\new\tb_datapath.v:]
WARNING: [filemgmt 56-199] Attempt to get parsing info during refresh. "On-the-fly" syntax checking information may be incorrect. [C:\Projects\MIPS-pipelined-cpu\Assignment_7.srcs\sim_datapath\new\tb_datapath.v:]
WARNING: [filemgmt 56-199] Attempt to get parsing info during refresh. "On-the-fly" syntax checking information may be incorrect. [C:\Projects\MIPS-pipelined-cpu\Assignment_7.srcs\sim_datapath\new\tb_datapath.v:]
WARNING: [filemgmt 56-199] Attempt to get parsing info during refresh. "On-the-fly" syntax checking information may be incorrect. [C:\Projects\MIPS-pipelined-cpu\Assignment_7.srcs\sources_1\new\cmp.v:]
WARNING: [filemgmt 56-199] Attempt to get parsing info during refresh. "On-the-fly" syntax checking information may be incorrect. [C:\Projects\MIPS-pipelined-cpu\Assignment_7.srcs\sources_1\new\mux3.v:]
WARNING: [filemgmt 56-199] Attempt to get parsing info during refresh. "On-the-fly" syntax checking information may be incorrect. [C:\Projects\MIPS-pipelined-cpu\Assignment_7.srcs\sources_1\imports\single_cycle_mips_source_initial\datapath\datapath.v:]
WARNING: [filemgmt 56-199] Attempt to get parsing info during refresh. "On-the-fly" syntax checking information may be incorrect. [C:\Projects\MIPS-pipelined-cpu\Assignment_7.srcs\sources_1\new\mux3.v:]
WARNING: [filemgmt 56-199] Attempt to get parsing info during refresh. "On-the-fly" syntax checking information may be incorrect. [C:\Projects\MIPS-pipelined-cpu\Assignment_7.srcs\sources_1\new\mux3.v:]
WARNING: [filemgmt 56-199] Attempt to get parsing info during refresh. "On-the-fly" syntax checking information may be incorrect. [C:\Projects\MIPS-pipelined-cpu\Assignment_7.srcs\sim_datapath\new\tb_datapath.v:]
WARNING: [filemgmt 56-199] Attempt to get parsing info during refresh. "On-the-fly" syntax checking information may be incorrect. [C:\Projects\MIPS-pipelined-cpu\Assignment_7.srcs\sources_1\new\cmp.v:]
WARNING: [filemgmt 56-199] Attempt to get parsing info during refresh. "On-the-fly" syntax checking information may be incorrect. [C:\Projects\MIPS-pipelined-cpu\Assignment_7.srcs\sources_1\new\mux3.v:]
WARNING: [filemgmt 56-199] Attempt to get parsing info during refresh. "On-the-fly" syntax checking information may be incorrect. [C:\Projects\MIPS-pipelined-cpu\Assignment_7.srcs\sources_1\imports\single_cycle_mips_source_initial\datapath\datapath.v:]
WARNING: [filemgmt 56-199] Attempt to get parsing info during refresh. "On-the-fly" syntax checking information may be incorrect. [C:\Projects\MIPS-pipelined-cpu\Assignment_7.srcs\sources_1\imports\single_cycle_mips_source_initial\datapath\datapath.v:]
WARNING: [filemgmt 56-199] Attempt to get parsing info during refresh. "On-the-fly" syntax checking information may be incorrect. [C:\Projects\MIPS-pipelined-cpu\Assignment_7.srcs\sources_1\imports\single_cycle_mips_source_initial\datapath\datapath.v:]
WARNING: [filemgmt 56-199] Attempt to get parsing info during refresh. "On-the-fly" syntax checking information may be incorrect. [C:\Projects\MIPS-pipelined-cpu\Assignment_7.srcs\sim_datapath\new\tb_datapath.v:]
WARNING: [filemgmt 56-199] Attempt to get parsing info during refresh. "On-the-fly" syntax checking information may be incorrect. [C:\Projects\MIPS-pipelined-cpu\Assignment_7.srcs\sources_1\new\cmp.v:]
WARNING: [filemgmt 56-199] Attempt to get parsing info during refresh. "On-the-fly" syntax checking information may be incorrect. [C:\Projects\MIPS-pipelined-cpu\Assignment_7.srcs\sources_1\new\mux3.v:]
WARNING: [filemgmt 56-199] Attempt to get parsing info during refresh. "On-the-fly" syntax checking information may be incorrect. [C:\Projects\MIPS-pipelined-cpu\Assignment_7.srcs\sources_1\imports\single_cycle_mips_source_initial\datapath\datapath.v:]
WARNING: [filemgmt 56-199] Attempt to get parsing info during refresh. "On-the-fly" syntax checking information may be incorrect. [C:\Projects\MIPS-pipelined-cpu\Assignment_7.srcs\sources_1\new\cmp.v:]
WARNING: [filemgmt 56-199] Attempt to get parsing info during refresh. "On-the-fly" syntax checking information may be incorrect. [C:\Projects\MIPS-pipelined-cpu\Assignment_7.srcs\sources_1\new\cmp.v:]
ERROR: [Common 17-180] Spawn failed: No error
WARNING: [filemgmt 56-199] Attempt to get parsing info during refresh. "On-the-fly" syntax checking information may be incorrect. [C:\Projects\MIPS-pipelined-cpu\Assignment_7.srcs\sim_datapath\new\tb_datapath.v:]
WARNING: [filemgmt 56-199] Attempt to get parsing info during refresh. "On-the-fly" syntax checking information may be incorrect. [C:\Projects\MIPS-pipelined-cpu\Assignment_7.srcs\sources_1\new\cmp.v:]
WARNING: [filemgmt 56-199] Attempt to get parsing info during refresh. "On-the-fly" syntax checking information may be incorrect. [C:\Projects\MIPS-pipelined-cpu\Assignment_7.srcs\sources_1\new\mux3.v:]
WARNING: [filemgmt 56-199] Attempt to get parsing info during refresh. "On-the-fly" syntax checking information may be incorrect. [C:\Projects\MIPS-pipelined-cpu\Assignment_7.srcs\sources_1\imports\single_cycle_mips_source_initial\datapath\datapath.v:]
WARNING: [filemgmt 56-199] Attempt to get parsing info during refresh. "On-the-fly" syntax checking information may be incorrect. [C:\Projects\MIPS-pipelined-cpu\Assignment_7.srcs\sim_datapath\new\tb_datapath.v:]
WARNING: [filemgmt 56-199] Attempt to get parsing info during refresh. "On-the-fly" syntax checking information may be incorrect. [C:\Projects\MIPS-pipelined-cpu\Assignment_7.srcs\sim_datapath\new\tb_datapath.v:]
WARNING: [filemgmt 56-199] Attempt to get parsing info during refresh. "On-the-fly" syntax checking information may be incorrect. [C:\Projects\MIPS-pipelined-cpu\Assignment_7.srcs\sim_datapath\new\tb_datapath.v:]
WARNING: [filemgmt 56-199] Attempt to get parsing info during refresh. "On-the-fly" syntax checking information may be incorrect. [C:\Projects\MIPS-pipelined-cpu\Assignment_7.srcs\sources_1\new\cmp.v:]
WARNING: [filemgmt 56-199] Attempt to get parsing info during refresh. "On-the-fly" syntax checking information may be incorrect. [C:\Projects\MIPS-pipelined-cpu\Assignment_7.srcs\sources_1\new\mux3.v:]
WARNING: [filemgmt 56-199] Attempt to get parsing info during refresh. "On-the-fly" syntax checking information may be incorrect. [C:\Projects\MIPS-pipelined-cpu\Assignment_7.srcs\sources_1\imports\single_cycle_mips_source_initial\datapath\datapath.v:]
WARNING: [filemgmt 56-199] Attempt to get parsing info during refresh. "On-the-fly" syntax checking information may be incorrect. [C:\Projects\MIPS-pipelined-cpu\Assignment_7.srcs\sources_1\new\cmp.v:]
WARNING: [filemgmt 56-199] Attempt to get parsing info during refresh. "On-the-fly" syntax checking information may be incorrect. [C:\Projects\MIPS-pipelined-cpu\Assignment_7.srcs\sources_1\new\cmp.v:]
ERROR: [Common 17-180] Spawn failed: No error
WARNING: [filemgmt 56-199] Attempt to get parsing info during refresh. "On-the-fly" syntax checking information may be incorrect. [C:\Projects\MIPS-pipelined-cpu\Assignment_7.srcs\sim_datapath\new\tb_datapath.v:]
WARNING: [filemgmt 56-199] Attempt to get parsing info during refresh. "On-the-fly" syntax checking information may be incorrect. [C:\Projects\MIPS-pipelined-cpu\Assignment_7.srcs\sources_1\new\cmp.v:]
WARNING: [filemgmt 56-199] Attempt to get parsing info during refresh. "On-the-fly" syntax checking information may be incorrect. [C:\Projects\MIPS-pipelined-cpu\Assignment_7.srcs\sources_1\new\mux3.v:]
WARNING: [filemgmt 56-199] Attempt to get parsing info during refresh. "On-the-fly" syntax checking information may be incorrect. [C:\Projects\MIPS-pipelined-cpu\Assignment_7.srcs\sources_1\imports\single_cycle_mips_source_initial\datapath\datapath.v:]
WARNING: [filemgmt 56-199] Attempt to get parsing info during refresh. "On-the-fly" syntax checking information may be incorrect. [C:\Projects\MIPS-pipelined-cpu\Assignment_7.srcs\sources_1\imports\single_cycle_mips_source_initial\datapath\datapath.v:]
WARNING: [filemgmt 56-199] Attempt to get parsing info during refresh. "On-the-fly" syntax checking information may be incorrect. [C:\Projects\MIPS-pipelined-cpu\Assignment_7.srcs\sources_1\imports\single_cycle_mips_source_initial\datapath\datapath.v:]
ERROR: [Common 17-180] Spawn failed: No error
WARNING: [filemgmt 56-199] Attempt to get parsing info during refresh. "On-the-fly" syntax checking information may be incorrect. [C:\Projects\MIPS-pipelined-cpu\Assignment_7.srcs\sim_datapath\new\tb_datapath.v:]
WARNING: [filemgmt 56-199] Attempt to get parsing info during refresh. "On-the-fly" syntax checking information may be incorrect. [C:\Projects\MIPS-pipelined-cpu\Assignment_7.srcs\sources_1\new\cmp.v:]
WARNING: [filemgmt 56-199] Attempt to get parsing info during refresh. "On-the-fly" syntax checking information may be incorrect. [C:\Projects\MIPS-pipelined-cpu\Assignment_7.srcs\sources_1\new\mux3.v:]
WARNING: [filemgmt 56-199] Attempt to get parsing info during refresh. "On-the-fly" syntax checking information may be incorrect. [C:\Projects\MIPS-pipelined-cpu\Assignment_7.srcs\sources_1\imports\single_cycle_mips_source_initial\datapath\datapath.v:]
WARNING: [filemgmt 56-199] Attempt to get parsing info during refresh. "On-the-fly" syntax checking information may be incorrect. [C:\Projects\MIPS-pipelined-cpu\Assignment_7.srcs\sources_1\new\cmp.v:]
WARNING: [filemgmt 56-199] Attempt to get parsing info during refresh. "On-the-fly" syntax checking information may be incorrect. [C:\Projects\MIPS-pipelined-cpu\Assignment_7.srcs\sources_1\new\cmp.v:]
WARNING: [filemgmt 56-199] Attempt to get parsing info during refresh. "On-the-fly" syntax checking information may be incorrect. [C:\Projects\MIPS-pipelined-cpu\Assignment_7.srcs\sim_datapath\new\tb_datapath.v:]
WARNING: [filemgmt 56-199] Attempt to get parsing info during refresh. "On-the-fly" syntax checking information may be incorrect. [C:\Projects\MIPS-pipelined-cpu\Assignment_7.srcs\sources_1\new\cmp.v:]
WARNING: [filemgmt 56-199] Attempt to get parsing info during refresh. "On-the-fly" syntax checking information may be incorrect. [C:\Projects\MIPS-pipelined-cpu\Assignment_7.srcs\sources_1\new\mux3.v:]
WARNING: [filemgmt 56-199] Attempt to get parsing info during refresh. "On-the-fly" syntax checking information may be incorrect. [C:\Projects\MIPS-pipelined-cpu\Assignment_7.srcs\sources_1\imports\single_cycle_mips_source_initial\datapath\datapath.v:]
WARNING: [filemgmt 56-199] Attempt to get parsing info during refresh. "On-the-fly" syntax checking information may be incorrect. [C:\Projects\MIPS-pipelined-cpu\Assignment_7.srcs\sources_1\new\mux3.v:]
WARNING: [filemgmt 56-199] Attempt to get parsing info during refresh. "On-the-fly" syntax checking information may be incorrect. [C:\Projects\MIPS-pipelined-cpu\Assignment_7.srcs\sources_1\new\mux3.v:]
WARNING: [filemgmt 56-199] Attempt to get parsing info during refresh. "On-the-fly" syntax checking information may be incorrect. [C:\Projects\MIPS-pipelined-cpu\Assignment_7.srcs\sim_datapath\new\tb_datapath.v:]
WARNING: [filemgmt 56-199] Attempt to get parsing info during refresh. "On-the-fly" syntax checking information may be incorrect. [C:\Projects\MIPS-pipelined-cpu\Assignment_7.srcs\sources_1\new\cmp.v:]
WARNING: [filemgmt 56-199] Attempt to get parsing info during refresh. "On-the-fly" syntax checking information may be incorrect. [C:\Projects\MIPS-pipelined-cpu\Assignment_7.srcs\sources_1\new\mux3.v:]
WARNING: [filemgmt 56-199] Attempt to get parsing info during refresh. "On-the-fly" syntax checking information may be incorrect. [C:\Projects\MIPS-pipelined-cpu\Assignment_7.srcs\sources_1\imports\single_cycle_mips_source_initial\datapath\datapath.v:]
WARNING: [filemgmt 56-199] Attempt to get parsing info during refresh. "On-the-fly" syntax checking information may be incorrect. [C:\Projects\MIPS-pipelined-cpu\Assignment_7.srcs\sim_datapath\new\tb_datapath.v:]
WARNING: [filemgmt 56-199] Attempt to get parsing info during refresh. "On-the-fly" syntax checking information may be incorrect. [C:\Projects\MIPS-pipelined-cpu\Assignment_7.srcs\sim_datapath\new\tb_datapath.v:]
WARNING: [filemgmt 56-199] Attempt to get parsing info during refresh. "On-the-fly" syntax checking information may be incorrect. [C:\Projects\MIPS-pipelined-cpu\Assignment_7.srcs\sim_datapath\new\tb_datapath.v:]
WARNING: [filemgmt 56-199] Attempt to get parsing info during refresh. "On-the-fly" syntax checking information may be incorrect. [C:\Projects\MIPS-pipelined-cpu\Assignment_7.srcs\sources_1\new\cmp.v:]
WARNING: [filemgmt 56-199] Attempt to get parsing info during refresh. "On-the-fly" syntax checking information may be incorrect. [C:\Projects\MIPS-pipelined-cpu\Assignment_7.srcs\sources_1\new\mux3.v:]
WARNING: [filemgmt 56-199] Attempt to get parsing info during refresh. "On-the-fly" syntax checking information may be incorrect. [C:\Projects\MIPS-pipelined-cpu\Assignment_7.srcs\sources_1\imports\single_cycle_mips_source_initial\datapath\datapath.v:]
WARNING: [filemgmt 56-199] Attempt to get parsing info during refresh. "On-the-fly" syntax checking information may be incorrect. [C:\Projects\MIPS-pipelined-cpu\Assignment_7.srcs\sources_1\imports\single_cycle_mips_source_initial\datapath\datapath.v:]
WARNING: [filemgmt 56-199] Attempt to get parsing info during refresh. "On-the-fly" syntax checking information may be incorrect. [C:\Projects\MIPS-pipelined-cpu\Assignment_7.srcs\sources_1\imports\single_cycle_mips_source_initial\datapath\datapath.v:]
ERROR: [Common 17-180] Spawn failed: No error
WARNING: [filemgmt 56-199] Attempt to get parsing info during refresh. "On-the-fly" syntax checking information may be incorrect. [C:\Projects\MIPS-pipelined-cpu\Assignment_7.srcs\sim_datapath\new\tb_datapath.v:]
WARNING: [filemgmt 56-199] Attempt to get parsing info during refresh. "On-the-fly" syntax checking information may be incorrect. [C:\Projects\MIPS-pipelined-cpu\Assignment_7.srcs\sources_1\new\cmp.v:]
WARNING: [filemgmt 56-199] Attempt to get parsing info during refresh. "On-the-fly" syntax checking information may be incorrect. [C:\Projects\MIPS-pipelined-cpu\Assignment_7.srcs\sources_1\new\mux3.v:]
WARNING: [filemgmt 56-199] Attempt to get parsing info during refresh. "On-the-fly" syntax checking information may be incorrect. [C:\Projects\MIPS-pipelined-cpu\Assignment_7.srcs\sources_1\imports\single_cycle_mips_source_initial\datapath\datapath.v:]
WARNING: [filemgmt 56-199] Attempt to get parsing info during refresh. "On-the-fly" syntax checking information may be incorrect. [C:\Projects\MIPS-pipelined-cpu\Assignment_7.srcs\sim_datapath\new\tb_datapath.v:]
WARNING: [filemgmt 56-199] Attempt to get parsing info during refresh. "On-the-fly" syntax checking information may be incorrect. [C:\Projects\MIPS-pipelined-cpu\Assignment_7.srcs\sim_datapath\new\tb_datapath.v:]
WARNING: [filemgmt 56-199] Attempt to get parsing info during refresh. "On-the-fly" syntax checking information may be incorrect. [C:\Projects\MIPS-pipelined-cpu\Assignment_7.srcs\sim_datapath\new\tb_datapath.v:]
WARNING: [filemgmt 56-199] Attempt to get parsing info during refresh. "On-the-fly" syntax checking information may be incorrect. [C:\Projects\MIPS-pipelined-cpu\Assignment_7.srcs\sources_1\new\cmp.v:]
WARNING: [filemgmt 56-199] Attempt to get parsing info during refresh. "On-the-fly" syntax checking information may be incorrect. [C:\Projects\MIPS-pipelined-cpu\Assignment_7.srcs\sources_1\new\mux3.v:]
WARNING: [filemgmt 56-199] Attempt to get parsing info during refresh. "On-the-fly" syntax checking information may be incorrect. [C:\Projects\MIPS-pipelined-cpu\Assignment_7.srcs\sources_1\imports\single_cycle_mips_source_initial\datapath\datapath.v:]
WARNING: [filemgmt 56-199] Attempt to get parsing info during refresh. "On-the-fly" syntax checking information may be incorrect. [C:\Projects\MIPS-pipelined-cpu\Assignment_7.srcs\sources_1\new\mux3.v:]
WARNING: [filemgmt 56-199] Attempt to get parsing info during refresh. "On-the-fly" syntax checking information may be incorrect. [C:\Projects\MIPS-pipelined-cpu\Assignment_7.srcs\sources_1\new\mux3.v:]
WARNING: [filemgmt 56-199] Attempt to get parsing info during refresh. "On-the-fly" syntax checking information may be incorrect. [C:\Projects\MIPS-pipelined-cpu\Assignment_7.srcs\sim_datapath\new\tb_datapath.v:]
WARNING: [filemgmt 56-199] Attempt to get parsing info during refresh. "On-the-fly" syntax checking information may be incorrect. [C:\Projects\MIPS-pipelined-cpu\Assignment_7.srcs\sources_1\new\cmp.v:]
WARNING: [filemgmt 56-199] Attempt to get parsing info during refresh. "On-the-fly" syntax checking information may be incorrect. [C:\Projects\MIPS-pipelined-cpu\Assignment_7.srcs\sources_1\new\mux3.v:]
WARNING: [filemgmt 56-199] Attempt to get parsing info during refresh. "On-the-fly" syntax checking information may be incorrect. [C:\Projects\MIPS-pipelined-cpu\Assignment_7.srcs\sources_1\imports\single_cycle_mips_source_initial\datapath\datapath.v:]
WARNING: [filemgmt 56-199] Attempt to get parsing info during refresh. "On-the-fly" syntax checking information may be incorrect. [C:\Projects\MIPS-pipelined-cpu\Assignment_7.srcs\sources_1\new\mux3.v:]
WARNING: [filemgmt 56-199] Attempt to get parsing info during refresh. "On-the-fly" syntax checking information may be incorrect. [C:\Projects\MIPS-pipelined-cpu\Assignment_7.srcs\sources_1\new\mux3.v:]
WARNING: [filemgmt 56-199] Attempt to get parsing info during refresh. "On-the-fly" syntax checking information may be incorrect. [C:\Projects\MIPS-pipelined-cpu\Assignment_7.srcs\sim_datapath\new\tb_datapath.v:]
WARNING: [filemgmt 56-199] Attempt to get parsing info during refresh. "On-the-fly" syntax checking information may be incorrect. [C:\Projects\MIPS-pipelined-cpu\Assignment_7.srcs\sources_1\new\cmp.v:]
WARNING: [filemgmt 56-199] Attempt to get parsing info during refresh. "On-the-fly" syntax checking information may be incorrect. [C:\Projects\MIPS-pipelined-cpu\Assignment_7.srcs\sources_1\new\mux3.v:]
WARNING: [filemgmt 56-199] Attempt to get parsing info during refresh. "On-the-fly" syntax checking information may be incorrect. [C:\Projects\MIPS-pipelined-cpu\Assignment_7.srcs\sources_1\imports\single_cycle_mips_source_initial\datapath\datapath.v:]
WARNING: [filemgmt 56-199] Attempt to get parsing info during refresh. "On-the-fly" syntax checking information may be incorrect. [C:\Projects\MIPS-pipelined-cpu\Assignment_7.srcs\sim_datapath\new\tb_datapath.v:]
WARNING: [filemgmt 56-199] Attempt to get parsing info during refresh. "On-the-fly" syntax checking information may be incorrect. [C:\Projects\MIPS-pipelined-cpu\Assignment_7.srcs\sim_datapath\new\tb_datapath.v:]
WARNING: [filemgmt 56-199] Attempt to get parsing info during refresh. "On-the-fly" syntax checking information may be incorrect. [C:\Projects\MIPS-pipelined-cpu\Assignment_7.srcs\sim_datapath\new\tb_datapath.v:]
WARNING: [filemgmt 56-199] Attempt to get parsing info during refresh. "On-the-fly" syntax checking information may be incorrect. [C:\Projects\MIPS-pipelined-cpu\Assignment_7.srcs\sources_1\new\cmp.v:]
INFO: [Common 17-14] Message 'filemgmt 56-199' appears 100 times and further instances of the messages will be disabled. Use the Tcl command set_msg_config to change the current settings.
ERROR: [Common 17-180] Spawn failed: No error
ERROR: [Common 17-180] Spawn failed: No error
ERROR: [Common 17-180] Spawn failed: No error
ERROR: [Common 17-180] Spawn failed: No error
ERROR: [Common 17-180] Spawn failed: No error
ERROR: [Common 17-180] Spawn failed: No error
ERROR: [Common 17-180] Spawn failed: No error
ERROR: [Common 17-180] Spawn failed: No error
